{"/home/icodebro/hack-reactor-part-time/senior/sdc-overview/database/product.js": {"path":"/home/icodebro/hack-reactor-part-time/senior/sdc-overview/database/product.js","statementMap":{"0":{"start":{"line":2,"column":30},"end":{"line":2,"column":51}},"1":{"start":{"line":6,"column":22},"end":{"line":41,"column":1}},"2":{"start":{"line":8,"column":17},"end":{"line":25,"column":4}},"3":{"start":{"line":27,"column":18},"end":{"line":27,"column":30}},"4":{"start":{"line":29,"column":2},"end":{"line":29,"column":35}},"5":{"start":{"line":30,"column":2},"end":{"line":30,"column":35}},"6":{"start":{"line":31,"column":2},"end":{"line":31,"column":30}},"7":{"start":{"line":32,"column":2},"end":{"line":32,"column":60}},"8":{"start":{"line":34,"column":2},"end":{"line":38,"column":5}},"9":{"start":{"line":35,"column":4},"end":{"line":35,"column":19}},"10":{"start":{"line":36,"column":4},"end":{"line":36,"column":18}},"11":{"start":{"line":37,"column":4},"end":{"line":37,"column":26}},"12":{"start":{"line":40,"column":2},"end":{"line":40,"column":19}},"13":{"start":{"line":43,"column":0},"end":{"line":45,"column":2}}},"fnMap":{"0":{"name":"(anonymous_0)","decl":{"start":{"line":6,"column":22},"end":{"line":6,"column":23}},"loc":{"start":{"line":6,"column":39},"end":{"line":41,"column":1}},"line":6},"1":{"name":"(anonymous_1)","decl":{"start":{"line":34,"column":29},"end":{"line":34,"column":30}},"loc":{"start":{"line":34,"column":36},"end":{"line":38,"column":3}},"line":34}},"branchMap":{},"s":{"0":3,"1":3,"2":1,"3":1,"4":1,"5":1,"6":1,"7":1,"8":1,"9":2,"10":2,"11":2,"12":1,"13":3},"f":{"0":1,"1":2},"b":{},"_coverageSchema":"1a1c01bbd47fc00a2c39e90264f33305004495a9","hash":"2527264f8b0f318764ccee7e3d907aa9c81760f5"}
,"/home/icodebro/hack-reactor-part-time/senior/sdc-overview/database/products.js": {"path":"/home/icodebro/hack-reactor-part-time/senior/sdc-overview/database/products.js","statementMap":{"0":{"start":{"line":1,"column":17},"end":{"line":1,"column":36}},"1":{"start":{"line":3,"column":0},"end":{"line":3,"column":96}},"2":{"start":{"line":5,"column":23},"end":{"line":16,"column":2}},"3":{"start":{"line":21,"column":14},"end":{"line":21,"column":55}},"4":{"start":{"line":23,"column":16},"end":{"line":28,"column":1}},"5":{"start":{"line":24,"column":22},"end":{"line":24,"column":32}},"6":{"start":{"line":25,"column":16},"end":{"line":25,"column":37}},"7":{"start":{"line":27,"column":2},"end":{"line":27,"column":29}},"8":{"start":{"line":30,"column":19},"end":{"line":44,"column":1}},"9":{"start":{"line":33,"column":20},"end":{"line":33,"column":78}},"10":{"start":{"line":35,"column":2},"end":{"line":41,"column":5}},"11":{"start":{"line":36,"column":4},"end":{"line":36,"column":23}},"12":{"start":{"line":37,"column":4},"end":{"line":37,"column":30}},"13":{"start":{"line":38,"column":4},"end":{"line":38,"column":58}},"14":{"start":{"line":39,"column":4},"end":{"line":39,"column":35}},"15":{"start":{"line":40,"column":4},"end":{"line":40,"column":35}},"16":{"start":{"line":43,"column":2},"end":{"line":43,"column":21}},"17":{"start":{"line":46,"column":0},"end":{"line":50,"column":1}}},"fnMap":{"0":{"name":"(anonymous_0)","decl":{"start":{"line":23,"column":16},"end":{"line":23,"column":17}},"loc":{"start":{"line":23,"column":22},"end":{"line":28,"column":1}},"line":23},"1":{"name":"(anonymous_1)","decl":{"start":{"line":30,"column":19},"end":{"line":30,"column":20}},"loc":{"start":{"line":30,"column":30},"end":{"line":44,"column":1}},"line":30},"2":{"name":"(anonymous_2)","decl":{"start":{"line":35,"column":22},"end":{"line":35,"column":23}},"loc":{"start":{"line":35,"column":33},"end":{"line":41,"column":3}},"line":35}},"branchMap":{},"s":{"0":3,"1":3,"2":3,"3":3,"4":3,"5":12,"6":12,"7":12,"8":3,"9":1,"10":1,"11":5,"12":5,"13":5,"14":5,"15":5,"16":1,"17":3},"f":{"0":12,"1":1,"2":5},"b":{},"_coverageSchema":"1a1c01bbd47fc00a2c39e90264f33305004495a9","hash":"356f95ff34628b4352d47a2b10eecaae5588bc9e"}
,"/home/icodebro/hack-reactor-part-time/senior/sdc-overview/database/styles.js": {"path":"/home/icodebro/hack-reactor-part-time/senior/sdc-overview/database/styles.js","statementMap":{"0":{"start":{"line":1,"column":17},"end":{"line":1,"column":36}},"1":{"start":{"line":2,"column":22},"end":{"line":2,"column":54}},"2":{"start":{"line":3,"column":28},"end":{"line":3,"column":55}},"3":{"start":{"line":4,"column":20},"end":{"line":4,"column":53}},"4":{"start":{"line":6,"column":0},"end":{"line":6,"column":96}},"5":{"start":{"line":8,"column":21},"end":{"line":17,"column":2}},"6":{"start":{"line":19,"column":12},"end":{"line":19,"column":49}},"7":{"start":{"line":21,"column":18},"end":{"line":69,"column":1}},"8":{"start":{"line":23,"column":17},"end":{"line":26,"column":3}},"9":{"start":{"line":28,"column":17},"end":{"line":48,"column":4}},"10":{"start":{"line":50,"column":14},"end":{"line":50,"column":30}},"11":{"start":{"line":54,"column":2},"end":{"line":58,"column":3}},"12":{"start":{"line":55,"column":4},"end":{"line":55,"column":44}},"13":{"start":{"line":57,"column":4},"end":{"line":57,"column":20}},"14":{"start":{"line":60,"column":2},"end":{"line":64,"column":3}},"15":{"start":{"line":61,"column":4},"end":{"line":61,"column":50}},"16":{"start":{"line":63,"column":4},"end":{"line":63,"column":20}},"17":{"start":{"line":66,"column":2},"end":{"line":66,"column":40}},"18":{"start":{"line":68,"column":2},"end":{"line":68,"column":18}},"19":{"start":{"line":71,"column":0},"end":{"line":73,"column":2}}},"fnMap":{"0":{"name":"(anonymous_0)","decl":{"start":{"line":21,"column":18},"end":{"line":21,"column":19}},"loc":{"start":{"line":21,"column":35},"end":{"line":69,"column":1}},"line":21}},"branchMap":{"0":{"loc":{"start":{"line":54,"column":2},"end":{"line":58,"column":3}},"type":"if","locations":[{"start":{"line":54,"column":2},"end":{"line":58,"column":3}},{"start":{},"end":{}}],"line":54},"1":{"loc":{"start":{"line":54,"column":6},"end":{"line":54,"column":64}},"type":"binary-expr","locations":[{"start":{"line":54,"column":6},"end":{"line":54,"column":34}},{"start":{"line":54,"column":38},"end":{"line":54,"column":64}}],"line":54},"2":{"loc":{"start":{"line":60,"column":2},"end":{"line":64,"column":3}},"type":"if","locations":[{"start":{"line":60,"column":2},"end":{"line":64,"column":3}},{"start":{},"end":{}}],"line":60}},"s":{"0":3,"1":3,"2":3,"3":3,"4":3,"5":3,"6":3,"7":3,"8":1,"9":1,"10":1,"11":1,"12":0,"13":0,"14":1,"15":0,"16":0,"17":1,"18":1,"19":3},"f":{"0":1},"b":{"0":[0,1],"1":[1,0],"2":[0,1]},"_coverageSchema":"1a1c01bbd47fc00a2c39e90264f33305004495a9","hash":"239cb70994ea98426d4c60664246cb3ac60220a1"}
,"/home/icodebro/hack-reactor-part-time/senior/sdc-overview/helpers/fullProduct.js": {"path":"/home/icodebro/hack-reactor-part-time/senior/sdc-overview/helpers/fullProduct.js","statementMap":{"0":{"start":{"line":1,"column":20},"end":{"line":52,"column":1}},"1":{"start":{"line":2,"column":2},"end":{"line":2,"column":36}},"2":{"start":{"line":2,"column":23},"end":{"line":2,"column":34}},"3":{"start":{"line":4,"column":2},"end":{"line":48,"column":5}},"4":{"start":{"line":5,"column":4},"end":{"line":5,"column":23}},"5":{"start":{"line":6,"column":4},"end":{"line":6,"column":34}},"6":{"start":{"line":7,"column":4},"end":{"line":7,"column":22}},"7":{"start":{"line":8,"column":4},"end":{"line":8,"column":30}},"8":{"start":{"line":9,"column":4},"end":{"line":9,"column":60}},"9":{"start":{"line":11,"column":4},"end":{"line":15,"column":5}},"10":{"start":{"line":12,"column":6},"end":{"line":12,"column":54}},"11":{"start":{"line":14,"column":6},"end":{"line":14,"column":32}},"12":{"start":{"line":17,"column":4},"end":{"line":21,"column":5}},"13":{"start":{"line":18,"column":6},"end":{"line":18,"column":33}},"14":{"start":{"line":20,"column":6},"end":{"line":20,"column":34}},"15":{"start":{"line":23,"column":4},"end":{"line":23,"column":33}},"16":{"start":{"line":25,"column":4},"end":{"line":27,"column":5}},"17":{"start":{"line":26,"column":6},"end":{"line":26,"column":49}},"18":{"start":{"line":26,"column":36},"end":{"line":26,"column":47}},"19":{"start":{"line":29,"column":4},"end":{"line":33,"column":7}},"20":{"start":{"line":30,"column":6},"end":{"line":30,"column":23}},"21":{"start":{"line":31,"column":6},"end":{"line":31,"column":22}},"22":{"start":{"line":32,"column":6},"end":{"line":32,"column":27}},"23":{"start":{"line":35,"column":4},"end":{"line":35,"column":45}},"24":{"start":{"line":35,"column":32},"end":{"line":35,"column":43}},"25":{"start":{"line":37,"column":18},"end":{"line":37,"column":20}},"26":{"start":{"line":39,"column":4},"end":{"line":44,"column":7}},"27":{"start":{"line":40,"column":6},"end":{"line":43,"column":7}},"28":{"start":{"line":46,"column":4},"end":{"line":46,"column":27}},"29":{"start":{"line":51,"column":2},"end":{"line":51,"column":15}},"30":{"start":{"line":54,"column":0},"end":{"line":54,"column":29}}},"fnMap":{"0":{"name":"(anonymous_0)","decl":{"start":{"line":1,"column":20},"end":{"line":1,"column":21}},"loc":{"start":{"line":1,"column":31},"end":{"line":52,"column":1}},"line":1},"1":{"name":"(anonymous_1)","decl":{"start":{"line":2,"column":13},"end":{"line":2,"column":14}},"loc":{"start":{"line":2,"column":23},"end":{"line":2,"column":34}},"line":2},"2":{"name":"(anonymous_2)","decl":{"start":{"line":4,"column":16},"end":{"line":4,"column":17}},"loc":{"start":{"line":4,"column":27},"end":{"line":48,"column":3}},"line":4},"3":{"name":"(anonymous_3)","decl":{"start":{"line":26,"column":26},"end":{"line":26,"column":27}},"loc":{"start":{"line":26,"column":36},"end":{"line":26,"column":47}},"line":26},"4":{"name":"(anonymous_4)","decl":{"start":{"line":29,"column":27},"end":{"line":29,"column":28}},"loc":{"start":{"line":29,"column":36},"end":{"line":33,"column":5}},"line":29},"5":{"name":"(anonymous_5)","decl":{"start":{"line":35,"column":22},"end":{"line":35,"column":23}},"loc":{"start":{"line":35,"column":32},"end":{"line":35,"column":43}},"line":35},"6":{"name":"(anonymous_6)","decl":{"start":{"line":39,"column":25},"end":{"line":39,"column":26}},"loc":{"start":{"line":39,"column":32},"end":{"line":44,"column":5}},"line":39}},"branchMap":{"0":{"loc":{"start":{"line":11,"column":4},"end":{"line":15,"column":5}},"type":"if","locations":[{"start":{"line":11,"column":4},"end":{"line":15,"column":5}},{"start":{"line":13,"column":11},"end":{"line":15,"column":5}}],"line":11},"1":{"loc":{"start":{"line":17,"column":4},"end":{"line":21,"column":5}},"type":"if","locations":[{"start":{"line":17,"column":4},"end":{"line":21,"column":5}},{"start":{"line":19,"column":11},"end":{"line":21,"column":5}}],"line":17},"2":{"loc":{"start":{"line":25,"column":4},"end":{"line":27,"column":5}},"type":"if","locations":[{"start":{"line":25,"column":4},"end":{"line":27,"column":5}},{"start":{},"end":{}}],"line":25}},"s":{"0":3,"1":1,"2":5,"3":1,"4":6,"5":6,"6":6,"7":6,"8":6,"9":6,"10":2,"11":4,"12":6,"13":1,"14":5,"15":6,"16":6,"17":6,"18":54,"19":6,"20":36,"21":36,"22":36,"23":6,"24":54,"25":6,"26":6,"27":36,"28":6,"29":1,"30":3},"f":{"0":1,"1":5,"2":6,"3":54,"4":36,"5":54,"6":36},"b":{"0":[2,4],"1":[1,5],"2":[6,0]},"_coverageSchema":"1a1c01bbd47fc00a2c39e90264f33305004495a9","hash":"f1ce80cbb5ba166c93679128625fc768eb4d6ed9"}
,"/home/icodebro/hack-reactor-part-time/senior/sdc-overview/helpers/noPhotoSku.js": {"path":"/home/icodebro/hack-reactor-part-time/senior/sdc-overview/helpers/noPhotoSku.js","statementMap":{"0":{"start":{"line":1,"column":22},"end":{"line":41,"column":1}},"1":{"start":{"line":2,"column":2},"end":{"line":2,"column":36}},"2":{"start":{"line":2,"column":23},"end":{"line":2,"column":34}},"3":{"start":{"line":4,"column":2},"end":{"line":38,"column":5}},"4":{"start":{"line":5,"column":4},"end":{"line":5,"column":23}},"5":{"start":{"line":6,"column":4},"end":{"line":6,"column":34}},"6":{"start":{"line":7,"column":4},"end":{"line":7,"column":22}},"7":{"start":{"line":8,"column":4},"end":{"line":8,"column":30}},"8":{"start":{"line":9,"column":4},"end":{"line":9,"column":60}},"9":{"start":{"line":11,"column":4},"end":{"line":15,"column":5}},"10":{"start":{"line":12,"column":6},"end":{"line":12,"column":54}},"11":{"start":{"line":14,"column":6},"end":{"line":14,"column":32}},"12":{"start":{"line":17,"column":4},"end":{"line":21,"column":5}},"13":{"start":{"line":18,"column":6},"end":{"line":18,"column":33}},"14":{"start":{"line":20,"column":6},"end":{"line":20,"column":34}},"15":{"start":{"line":23,"column":4},"end":{"line":23,"column":33}},"16":{"start":{"line":25,"column":4},"end":{"line":30,"column":6}},"17":{"start":{"line":32,"column":4},"end":{"line":37,"column":5}},"18":{"start":{"line":40,"column":2},"end":{"line":40,"column":15}},"19":{"start":{"line":43,"column":0},"end":{"line":43,"column":31}}},"fnMap":{"0":{"name":"(anonymous_0)","decl":{"start":{"line":1,"column":22},"end":{"line":1,"column":23}},"loc":{"start":{"line":1,"column":33},"end":{"line":41,"column":1}},"line":1},"1":{"name":"(anonymous_1)","decl":{"start":{"line":2,"column":13},"end":{"line":2,"column":14}},"loc":{"start":{"line":2,"column":23},"end":{"line":2,"column":34}},"line":2},"2":{"name":"(anonymous_2)","decl":{"start":{"line":4,"column":16},"end":{"line":4,"column":17}},"loc":{"start":{"line":4,"column":27},"end":{"line":38,"column":3}},"line":4}},"branchMap":{"0":{"loc":{"start":{"line":11,"column":4},"end":{"line":15,"column":5}},"type":"if","locations":[{"start":{"line":11,"column":4},"end":{"line":15,"column":5}},{"start":{"line":13,"column":11},"end":{"line":15,"column":5}}],"line":11},"1":{"loc":{"start":{"line":17,"column":4},"end":{"line":21,"column":5}},"type":"if","locations":[{"start":{"line":17,"column":4},"end":{"line":21,"column":5}},{"start":{"line":19,"column":11},"end":{"line":21,"column":5}}],"line":17}},"s":{"0":3,"1":0,"2":0,"3":0,"4":0,"5":0,"6":0,"7":0,"8":0,"9":0,"10":0,"11":0,"12":0,"13":0,"14":0,"15":0,"16":0,"17":0,"18":0,"19":3},"f":{"0":0,"1":0,"2":0},"b":{"0":[0,0],"1":[0,0]},"_coverageSchema":"1a1c01bbd47fc00a2c39e90264f33305004495a9","hash":"61420b7288db12cde6a07ac35ac326f168b6218b"}
,"/home/icodebro/hack-reactor-part-time/senior/sdc-overview/helpers/noSku.js": {"path":"/home/icodebro/hack-reactor-part-time/senior/sdc-overview/helpers/noSku.js","statementMap":{"0":{"start":{"line":1,"column":28},"end":{"line":44,"column":1}},"1":{"start":{"line":2,"column":2},"end":{"line":2,"column":36}},"2":{"start":{"line":2,"column":23},"end":{"line":2,"column":34}},"3":{"start":{"line":4,"column":2},"end":{"line":41,"column":5}},"4":{"start":{"line":5,"column":4},"end":{"line":5,"column":23}},"5":{"start":{"line":6,"column":4},"end":{"line":6,"column":34}},"6":{"start":{"line":7,"column":4},"end":{"line":7,"column":22}},"7":{"start":{"line":8,"column":4},"end":{"line":8,"column":30}},"8":{"start":{"line":9,"column":4},"end":{"line":9,"column":60}},"9":{"start":{"line":11,"column":4},"end":{"line":15,"column":5}},"10":{"start":{"line":12,"column":6},"end":{"line":12,"column":54}},"11":{"start":{"line":14,"column":6},"end":{"line":14,"column":32}},"12":{"start":{"line":17,"column":4},"end":{"line":21,"column":5}},"13":{"start":{"line":18,"column":6},"end":{"line":18,"column":33}},"14":{"start":{"line":20,"column":6},"end":{"line":20,"column":34}},"15":{"start":{"line":23,"column":4},"end":{"line":23,"column":33}},"16":{"start":{"line":25,"column":4},"end":{"line":27,"column":5}},"17":{"start":{"line":26,"column":6},"end":{"line":26,"column":49}},"18":{"start":{"line":26,"column":36},"end":{"line":26,"column":47}},"19":{"start":{"line":29,"column":4},"end":{"line":33,"column":7}},"20":{"start":{"line":30,"column":6},"end":{"line":30,"column":23}},"21":{"start":{"line":31,"column":6},"end":{"line":31,"column":22}},"22":{"start":{"line":32,"column":6},"end":{"line":32,"column":27}},"23":{"start":{"line":35,"column":4},"end":{"line":40,"column":5}},"24":{"start":{"line":43,"column":2},"end":{"line":43,"column":15}},"25":{"start":{"line":46,"column":0},"end":{"line":46,"column":37}}},"fnMap":{"0":{"name":"(anonymous_0)","decl":{"start":{"line":1,"column":28},"end":{"line":1,"column":29}},"loc":{"start":{"line":1,"column":39},"end":{"line":44,"column":1}},"line":1},"1":{"name":"(anonymous_1)","decl":{"start":{"line":2,"column":13},"end":{"line":2,"column":14}},"loc":{"start":{"line":2,"column":23},"end":{"line":2,"column":34}},"line":2},"2":{"name":"(anonymous_2)","decl":{"start":{"line":4,"column":16},"end":{"line":4,"column":17}},"loc":{"start":{"line":4,"column":27},"end":{"line":41,"column":3}},"line":4},"3":{"name":"(anonymous_3)","decl":{"start":{"line":26,"column":26},"end":{"line":26,"column":27}},"loc":{"start":{"line":26,"column":36},"end":{"line":26,"column":47}},"line":26},"4":{"name":"(anonymous_4)","decl":{"start":{"line":29,"column":27},"end":{"line":29,"column":28}},"loc":{"start":{"line":29,"column":36},"end":{"line":33,"column":5}},"line":29}},"branchMap":{"0":{"loc":{"start":{"line":11,"column":4},"end":{"line":15,"column":5}},"type":"if","locations":[{"start":{"line":11,"column":4},"end":{"line":15,"column":5}},{"start":{"line":13,"column":11},"end":{"line":15,"column":5}}],"line":11},"1":{"loc":{"start":{"line":17,"column":4},"end":{"line":21,"column":5}},"type":"if","locations":[{"start":{"line":17,"column":4},"end":{"line":21,"column":5}},{"start":{"line":19,"column":11},"end":{"line":21,"column":5}}],"line":17},"2":{"loc":{"start":{"line":25,"column":4},"end":{"line":27,"column":5}},"type":"if","locations":[{"start":{"line":25,"column":4},"end":{"line":27,"column":5}},{"start":{},"end":{}}],"line":25}},"s":{"0":3,"1":0,"2":0,"3":0,"4":0,"5":0,"6":0,"7":0,"8":0,"9":0,"10":0,"11":0,"12":0,"13":0,"14":0,"15":0,"16":0,"17":0,"18":0,"19":0,"20":0,"21":0,"22":0,"23":0,"24":0,"25":3},"f":{"0":0,"1":0,"2":0,"3":0,"4":0},"b":{"0":[0,0],"1":[0,0],"2":[0,0]},"_coverageSchema":"1a1c01bbd47fc00a2c39e90264f33305004495a9","hash":"5406fd9f7d6e565af25e6991deba9eeb4744afe7"}
,"/home/icodebro/hack-reactor-part-time/senior/sdc-overview/tests/routes/routes.js": {"path":"/home/icodebro/hack-reactor-part-time/senior/sdc-overview/tests/routes/routes.js","statementMap":{"0":{"start":{"line":1,"column":16},"end":{"line":1,"column":34}},"1":{"start":{"line":2,"column":15},"end":{"line":2,"column":31}},"2":{"start":{"line":4,"column":17},"end":{"line":4,"column":51}},"3":{"start":{"line":5,"column":16},"end":{"line":5,"column":49}},"4":{"start":{"line":6,"column":15},"end":{"line":6,"column":47}},"5":{"start":{"line":8,"column":0},"end":{"line":10,"column":3}},"6":{"start":{"line":9,"column":2},"end":{"line":9,"column":18}},"7":{"start":{"line":12,"column":0},"end":{"line":19,"column":3}},"8":{"start":{"line":13,"column":2},"end":{"line":18,"column":6}},"9":{"start":{"line":14,"column":20},"end":{"line":14,"column":48}},"10":{"start":{"line":16,"column":6},"end":{"line":16,"column":22}},"11":{"start":{"line":17,"column":6},"end":{"line":17,"column":25}},"12":{"start":{"line":21,"column":0},"end":{"line":28,"column":3}},"13":{"start":{"line":22,"column":2},"end":{"line":27,"column":6}},"14":{"start":{"line":23,"column":20},"end":{"line":23,"column":48}},"15":{"start":{"line":25,"column":6},"end":{"line":25,"column":22}},"16":{"start":{"line":26,"column":6},"end":{"line":26,"column":25}},"17":{"start":{"line":30,"column":0},"end":{"line":37,"column":3}},"18":{"start":{"line":31,"column":2},"end":{"line":36,"column":6}},"19":{"start":{"line":32,"column":20},"end":{"line":32,"column":48}},"20":{"start":{"line":34,"column":6},"end":{"line":34,"column":22}},"21":{"start":{"line":35,"column":6},"end":{"line":35,"column":25}},"22":{"start":{"line":39,"column":0},"end":{"line":39,"column":24}}},"fnMap":{"0":{"name":"(anonymous_0)","decl":{"start":{"line":8,"column":16},"end":{"line":8,"column":17}},"loc":{"start":{"line":8,"column":30},"end":{"line":10,"column":1}},"line":8},"1":{"name":"(anonymous_1)","decl":{"start":{"line":12,"column":24},"end":{"line":12,"column":25}},"loc":{"start":{"line":12,"column":38},"end":{"line":19,"column":1}},"line":12},"2":{"name":"(anonymous_2)","decl":{"start":{"line":14,"column":10},"end":{"line":14,"column":11}},"loc":{"start":{"line":14,"column":20},"end":{"line":14,"column":48}},"line":14},"3":{"name":"(anonymous_3)","decl":{"start":{"line":15,"column":11},"end":{"line":15,"column":12}},"loc":{"start":{"line":15,"column":18},"end":{"line":18,"column":5}},"line":15},"4":{"name":"(anonymous_4)","decl":{"start":{"line":21,"column":36},"end":{"line":21,"column":37}},"loc":{"start":{"line":21,"column":50},"end":{"line":28,"column":1}},"line":21},"5":{"name":"(anonymous_5)","decl":{"start":{"line":23,"column":10},"end":{"line":23,"column":11}},"loc":{"start":{"line":23,"column":20},"end":{"line":23,"column":48}},"line":23},"6":{"name":"(anonymous_6)","decl":{"start":{"line":24,"column":11},"end":{"line":24,"column":12}},"loc":{"start":{"line":24,"column":18},"end":{"line":27,"column":5}},"line":24},"7":{"name":"(anonymous_7)","decl":{"start":{"line":30,"column":43},"end":{"line":30,"column":44}},"loc":{"start":{"line":30,"column":57},"end":{"line":37,"column":1}},"line":30},"8":{"name":"(anonymous_8)","decl":{"start":{"line":32,"column":10},"end":{"line":32,"column":11}},"loc":{"start":{"line":32,"column":20},"end":{"line":32,"column":48}},"line":32},"9":{"name":"(anonymous_9)","decl":{"start":{"line":33,"column":11},"end":{"line":33,"column":12}},"loc":{"start":{"line":33,"column":18},"end":{"line":36,"column":5}},"line":33}},"branchMap":{},"s":{"0":3,"1":3,"2":3,"3":3,"4":3,"5":3,"6":0,"7":3,"8":1,"9":1,"10":0,"11":0,"12":3,"13":1,"14":1,"15":0,"16":0,"17":3,"18":1,"19":1,"20":0,"21":0,"22":3},"f":{"0":0,"1":1,"2":1,"3":0,"4":1,"5":1,"6":0,"7":1,"8":1,"9":0},"b":{},"_coverageSchema":"1a1c01bbd47fc00a2c39e90264f33305004495a9","hash":"4aba4077d9d9ed914f181cd2c6c3bdf3a5302b66"}
,"/home/icodebro/hack-reactor-part-time/senior/sdc-overview/tests/server/server.js": {"path":"/home/icodebro/hack-reactor-part-time/senior/sdc-overview/tests/server/server.js","statementMap":{"0":{"start":{"line":1,"column":16},"end":{"line":1,"column":34}},"1":{"start":{"line":2,"column":15},"end":{"line":2,"column":42}},"2":{"start":{"line":5,"column":13},"end":{"line":5,"column":22}},"3":{"start":{"line":6,"column":1},"end":{"line":6,"column":25}},"4":{"start":{"line":7,"column":1},"end":{"line":7,"column":22}},"5":{"start":{"line":8,"column":1},"end":{"line":8,"column":12}},"6":{"start":{"line":11,"column":0},"end":{"line":11,"column":30}}},"fnMap":{"0":{"name":"createServer","decl":{"start":{"line":4,"column":9},"end":{"line":4,"column":21}},"loc":{"start":{"line":4,"column":24},"end":{"line":9,"column":1}},"line":4}},"branchMap":{},"s":{"0":3,"1":3,"2":3,"3":3,"4":3,"5":3,"6":3},"f":{"0":3},"b":{},"_coverageSchema":"1a1c01bbd47fc00a2c39e90264f33305004495a9","hash":"5ba278f275bb1cd2b85682947c2c5516dce4eff8"}
}
