TN:
SF:database/product.js
FN:6,(anonymous_0)
FN:34,(anonymous_1)
FNF:2
FNH:2
FNDA:1,(anonymous_0)
FNDA:2,(anonymous_1)
DA:2,3
DA:6,3
DA:8,1
DA:27,1
DA:29,1
DA:30,1
DA:31,1
DA:32,1
DA:34,1
DA:35,2
DA:36,2
DA:37,2
DA:40,1
DA:43,3
LF:14
LH:14
BRF:0
BRH:0
end_of_record
TN:
SF:database/products.js
FN:23,(anonymous_0)
FN:30,(anonymous_1)
FN:35,(anonymous_2)
FNF:3
FNH:3
FNDA:12,(anonymous_0)
FNDA:1,(anonymous_1)
FNDA:5,(anonymous_2)
DA:1,3
DA:3,3
DA:5,3
DA:21,3
DA:23,3
DA:24,12
DA:25,12
DA:27,12
DA:30,3
DA:33,1
DA:35,1
DA:36,5
DA:37,5
DA:38,5
DA:39,5
DA:40,5
DA:43,1
DA:46,3
LF:18
LH:18
BRF:0
BRH:0
end_of_record
TN:
SF:database/styles.js
FN:21,(anonymous_0)
FNF:1
FNH:1
FNDA:1,(anonymous_0)
DA:1,3
DA:2,3
DA:3,3
DA:4,3
DA:6,3
DA:8,3
DA:19,3
DA:21,3
DA:23,1
DA:28,1
DA:50,1
DA:54,1
DA:55,0
DA:57,0
DA:60,1
DA:61,0
DA:63,0
DA:66,1
DA:68,1
DA:71,3
LF:20
LH:16
BRDA:54,0,0,0
BRDA:54,0,1,1
BRDA:54,1,0,1
BRDA:54,1,1,0
BRDA:60,2,0,0
BRDA:60,2,1,1
BRF:6
BRH:3
end_of_record
TN:
SF:helpers/fullProduct.js
FN:1,(anonymous_0)
FN:2,(anonymous_1)
FN:4,(anonymous_2)
FN:26,(anonymous_3)
FN:29,(anonymous_4)
FN:35,(anonymous_5)
FN:39,(anonymous_6)
FNF:7
FNH:7
FNDA:1,(anonymous_0)
FNDA:5,(anonymous_1)
FNDA:6,(anonymous_2)
FNDA:54,(anonymous_3)
FNDA:36,(anonymous_4)
FNDA:54,(anonymous_5)
FNDA:36,(anonymous_6)
DA:1,3
DA:2,5
DA:4,1
DA:5,6
DA:6,6
DA:7,6
DA:8,6
DA:9,6
DA:11,6
DA:12,2
DA:14,4
DA:17,6
DA:18,1
DA:20,5
DA:23,6
DA:25,6
DA:26,54
DA:29,6
DA:30,36
DA:31,36
DA:32,36
DA:35,54
DA:37,6
DA:39,6
DA:40,36
DA:46,6
DA:51,1
DA:54,3
LF:28
LH:28
BRDA:11,0,0,2
BRDA:11,0,1,4
BRDA:17,1,0,1
BRDA:17,1,1,5
BRDA:25,2,0,6
BRDA:25,2,1,0
BRF:6
BRH:5
end_of_record
TN:
SF:helpers/noPhotoSku.js
FN:1,(anonymous_0)
FN:2,(anonymous_1)
FN:4,(anonymous_2)
FNF:3
FNH:0
FNDA:0,(anonymous_0)
FNDA:0,(anonymous_1)
FNDA:0,(anonymous_2)
DA:1,3
DA:2,0
DA:4,0
DA:5,0
DA:6,0
DA:7,0
DA:8,0
DA:9,0
DA:11,0
DA:12,0
DA:14,0
DA:17,0
DA:18,0
DA:20,0
DA:23,0
DA:25,0
DA:32,0
DA:40,0
DA:43,3
LF:19
LH:2
BRDA:11,0,0,0
BRDA:11,0,1,0
BRDA:17,1,0,0
BRDA:17,1,1,0
BRF:4
BRH:0
end_of_record
TN:
SF:helpers/noSku.js
FN:1,(anonymous_0)
FN:2,(anonymous_1)
FN:4,(anonymous_2)
FN:26,(anonymous_3)
FN:29,(anonymous_4)
FNF:5
FNH:0
FNDA:0,(anonymous_0)
FNDA:0,(anonymous_1)
FNDA:0,(anonymous_2)
FNDA:0,(anonymous_3)
FNDA:0,(anonymous_4)
DA:1,3
DA:2,0
DA:4,0
DA:5,0
DA:6,0
DA:7,0
DA:8,0
DA:9,0
DA:11,0
DA:12,0
DA:14,0
DA:17,0
DA:18,0
DA:20,0
DA:23,0
DA:25,0
DA:26,0
DA:29,0
DA:30,0
DA:31,0
DA:32,0
DA:35,0
DA:43,0
DA:46,3
LF:24
LH:2
BRDA:11,0,0,0
BRDA:11,0,1,0
BRDA:17,1,0,0
BRDA:17,1,1,0
BRDA:25,2,0,0
BRDA:25,2,1,0
BRF:6
BRH:0
end_of_record
TN:
SF:tests/routes/routes.js
FN:8,(anonymous_0)
FN:12,(anonymous_1)
FN:14,(anonymous_2)
FN:15,(anonymous_3)
FN:21,(anonymous_4)
FN:23,(anonymous_5)
FN:24,(anonymous_6)
FN:30,(anonymous_7)
FN:32,(anonymous_8)
FN:33,(anonymous_9)
FNF:10
FNH:6
FNDA:0,(anonymous_0)
FNDA:1,(anonymous_1)
FNDA:1,(anonymous_2)
FNDA:0,(anonymous_3)
FNDA:1,(anonymous_4)
FNDA:1,(anonymous_5)
FNDA:0,(anonymous_6)
FNDA:1,(anonymous_7)
FNDA:1,(anonymous_8)
FNDA:0,(anonymous_9)
DA:1,3
DA:2,3
DA:4,3
DA:5,3
DA:6,3
DA:8,3
DA:9,0
DA:12,3
DA:13,1
DA:14,1
DA:16,0
DA:17,0
DA:21,3
DA:22,1
DA:23,1
DA:25,0
DA:26,0
DA:30,3
DA:31,1
DA:32,1
DA:34,0
DA:35,0
DA:39,3
LF:23
LH:16
BRF:0
BRH:0
end_of_record
TN:
SF:tests/server/server.js
FN:4,createServer
FNF:1
FNH:1
FNDA:3,createServer
DA:1,3
DA:2,3
DA:5,3
DA:6,3
DA:7,3
DA:8,3
DA:11,3
LF:7
LH:7
BRF:0
BRH:0
end_of_record
